<?xml version="1.0" encoding="UTF-8"?>
<!-- Generated by org.testng.reporters.JUnitXMLReporter -->
<testsuite ignored="0" hostname="shrinivas" failures="0" tests="3" name="Test" time="108.819" errors="0" timestamp="2024-12-12T05:44:08 IST">
  <testcase classname="rahulsheetyacademy.PageObjects.StandAloneTest" name="submitOrder" time="40.26"/>
  <testcase classname="rahulsheetyacademy.PageObjects.StandAloneTest" name="submitOrder" time="40.1"/>
  <testcase classname="rahulsheetyacademy.PageObjects.StandAloneTest" name="OrderHistory" time="1.009"/>
</testsuite> <!-- Test -->
